<?xml version="1.0" encoding="UTF-8"?>
<!-- Generated by org.testng.reporters.JUnitReportReporter -->
<testsuite hostname="IN-G95N2J3" failures="0" tests="1" name="MyTestCases.Carrot" time="9.257" errors="0" timestamp="26 Jul 2023 05:55:03 GMT" skipped="0">
  <testcase classname="MyTestCases.Carrot" name="Carrot" time="9.257"/>
</testsuite> <!-- MyTestCases.Carrot -->
